<?xml version="1.0" encoding="UTF-8"?>
<!-- Generated by org.testng.reporters.JUnitXMLReporter -->
<testsuite hostname="SVINDK00003" ignored="0" name="Default test" tests="2" failures="0" timestamp="13 Dec 2018 13:13:05 GMT" time="99.887" errors="0">
  <testcase name="createGoogleFormTest" time="8.121" classname="com.google.qa.testcases.GoogleFormPageTest"/>
  <testcase name="createGoogleFormTest" time="9.313" classname="com.google.qa.testcases.GoogleFormPageTest"/>
</testsuite> <!-- Default test -->
