<?xml version="1.0" encoding="UTF-8"?>
<!-- Generated by org.testng.reporters.JUnitXMLReporter -->
<testsuite hostname="admin" ignored="0" name="Different testing Feature Test" tests="17" failures="1" timestamp="05 Dec 2018 12:28:25 GMT" time="19.013" errors="0">
  <testcase name="infiniteLoopTest" time="0.018" classname="com.test.ExceptionTimeOutTest">
    <failure type="org.testng.TestException" message="
Method ExceptionTimeOutTest.infiniteLoopTest()[pri:0, instance:com.test.ExceptionTimeOutTest@7d70d1b1] should have thrown an exception of type class org.testng.internal.thread.ThreadTimeoutException">
      <![CDATA[org.testng.TestException: 
... Removed 23 stack frames]]>
    </failure>
  </testcase> <!-- infiniteLoopTest -->
  <testcase name="googleLogoTest" time="0.073" classname="com.test.GoogleTitleTest"/>
  <testcase name="googleTitleTest" time="0.013" classname="com.test.GoogleTitleTest"/>
  <testcase name="sum" time="0.001" classname="com.test.InvocationCountTest"/>
  <testcase name="sum" time="0.003" classname="com.test.InvocationCountTest"/>
  <testcase name="sum" time="0.005" classname="com.test.InvocationCountTest"/>
  <testcase name="sum" time="0.005" classname="com.test.InvocationCountTest"/>
  <testcase name="sum" time="0.004" classname="com.test.InvocationCountTest"/>
  <testcase name="sum" time="0.003" classname="com.test.InvocationCountTest"/>
  <testcase name="sum" time="0.003" classname="com.test.InvocationCountTest"/>
  <testcase name="sum" time="0.002" classname="com.test.InvocationCountTest"/>
  <testcase name="sum" time="0.001" classname="com.test.InvocationCountTest"/>
  <testcase name="sum" time="0.002" classname="com.test.InvocationCountTest"/>
  <testcase name="googleLogoTest" time="0.004" classname="com.test.TestNgBasics"/>
  <testcase name="googleTitleTest" time="0.002" classname="com.test.TestNgBasics"/>
  <testcase name="searchTest" time="0.003" classname="com.test.TestNgBasics"/>
  <testcase name="loginTest" time="0.004" classname="com.test.TestNgFeatures"/>
</testsuite> <!-- Different testing Feature Test -->
