<?xml version="1.0" encoding="UTF-8"?>
<!-- Generated by org.testng.reporters.JUnitReportReporter -->
<testsuite skipped="0" hostname="admin" name="com.test.TestNgBasics" tests="3" failures="0" timestamp="05 Dec 2018 12:28:25 GMT" time="0.012" errors="0">
  <testcase name="googleTitleTest" time="0.003" classname="com.test.TestNgBasics"/>
  <testcase name="googleLogoTest" time="0.005" classname="com.test.TestNgBasics"/>
  <testcase name="searchTest" time="0.004" classname="com.test.TestNgBasics"/>
</testsuite> <!-- com.test.TestNgBasics -->
