<?xml version="1.0" encoding="UTF-8"?>
<!-- Generated by org.testng.reporters.JUnitReportReporter -->
<testsuite skipped="0" hostname="admin" name="com.test.GoogleTest" tests="4" failures="0" timestamp="05 Dec 2018 11:25:34 GMT" time="51.593" errors="0">
  <testcase name="googleTitleTest" time="13.932" classname="com.test.GoogleTest"/>
  <testcase name="googleLogoTest" time="16.822" classname="com.test.GoogleTest"/>
  <testcase name="test1" time="11.846" classname="com.test.GoogleTest"/>
  <testcase name="test2" time="8.993" classname="com.test.GoogleTest"/>
</testsuite> <!-- com.test.GoogleTest -->
